::1 - - [22/Apr/2018:12:21:32 +0000] "POST /users/login HTTP/1.1" 200 225 "-" "PostmanRuntime/7.1.1"
::1 - - [23/Apr/2018:09:40:35 +0000] "GET / HTTP/1.1" 200 207 "-" "Mozilla/5.0 (Macintosh; Intel Mac OS X 10_12_6) AppleWebKit/537.36 (KHTML, like Gecko) Chrome/65.0.3325.181 Safari/537.36"
::1 - - [23/Apr/2018:12:11:44 +0000] "POST /auth/register HTTP/1.1" 500 1106 "-" "PostmanRuntime/7.1.1"
::1 - - [23/Apr/2018:12:16:50 +0000] "POST /auth/register HTTP/1.1" - - "-" "PostmanRuntime/7.1.1"
::1 - - [23/Apr/2018:12:17:59 +0000] "POST /auth/register HTTP/1.1" 500 1090 "-" "PostmanRuntime/7.1.1"
::1 - - [23/Apr/2018:12:18:16 +0000] "POST /auth/register HTTP/1.1" 200 336 "-" "PostmanRuntime/7.1.1"
::1 - - [23/Apr/2018:12:19:11 +0000] "POST /auth/register HTTP/1.1" 200 377 "-" "PostmanRuntime/7.1.1"
::1 - - [23/Apr/2018:12:19:49 +0000] "POST /auth/register HTTP/1.1" 200 71 "-" "PostmanRuntime/7.1.1"
::1 - - [23/Apr/2018:12:20:08 +0000] "POST /auth/register HTTP/1.1" 200 65 "-" "PostmanRuntime/7.1.1"
::1 - - [23/Apr/2018:12:24:02 +0000] "POST /auth/login HTTP/1.1" 200 44 "-" "PostmanRuntime/7.1.1"
::1 - - [23/Apr/2018:12:24:17 +0000] "POST /auth/login HTTP/1.1" 200 226 "-" "PostmanRuntime/7.1.1"
::1 - - [24/Apr/2018:09:38:39 +0000] "OPTIONS /auth/register HTTP/1.1" 200 4 "-" "Mozilla/5.0 (Macintosh; Intel Mac OS X 10_13_3) AppleWebKit/537.36 (KHTML, like Gecko) Chrome/65.0.3325.181 Safari/537.36"
::1 - - [24/Apr/2018:09:39:59 +0000] "OPTIONS /auth/register HTTP/1.1" 200 4 "-" "Mozilla/5.0 (Linux; Android 6.0; Nexus 5 Build/MRA58N) AppleWebKit/537.36 (KHTML, like Gecko) Chrome/65.0.3325.181 Mobile Safari/537.36"
::1 - - [24/Apr/2018:09:50:19 +0000] "OPTIONS /auth/register HTTP/1.1" 200 4 "-" "Mozilla/5.0 (Macintosh; Intel Mac OS X 10_13_3) AppleWebKit/537.36 (KHTML, like Gecko) Chrome/65.0.3325.181 Safari/537.36"
::1 - - [24/Apr/2018:09:50:36 +0000] "OPTIONS /auth/register HTTP/1.1" 200 4 "-" "Mozilla/5.0 (Linux; Android 6.0; Nexus 5 Build/MRA58N) AppleWebKit/537.36 (KHTML, like Gecko) Chrome/65.0.3325.181 Mobile Safari/537.36"
::1 - - [24/Apr/2018:09:53:37 +0000] "OPTIONS /auth/register HTTP/1.1" 200 4 "-" "Mozilla/5.0 (Linux; Android 6.0; Nexus 5 Build/MRA58N) AppleWebKit/537.36 (KHTML, like Gecko) Chrome/65.0.3325.181 Mobile Safari/537.36"
::1 - - [24/Apr/2018:09:53:37 +0000] "POST /auth/register HTTP/1.1" 200 208 "http://localhost:8100/" "Mozilla/5.0 (Linux; Android 6.0; Nexus 5 Build/MRA58N) AppleWebKit/537.36 (KHTML, like Gecko) Chrome/65.0.3325.181 Mobile Safari/537.36"
::1 - - [24/Apr/2018:09:56:29 +0000] "OPTIONS /auth/register HTTP/1.1" 200 4 "-" "Mozilla/5.0 (Linux; Android 6.0; Nexus 5 Build/MRA58N) AppleWebKit/537.36 (KHTML, like Gecko) Chrome/65.0.3325.181 Mobile Safari/537.36"
::1 - - [24/Apr/2018:09:56:29 +0000] "POST /auth/register HTTP/1.1" 200 43 "http://localhost:8100/" "Mozilla/5.0 (Linux; Android 6.0; Nexus 5 Build/MRA58N) AppleWebKit/537.36 (KHTML, like Gecko) Chrome/65.0.3325.181 Mobile Safari/537.36"
::1 - - [24/Apr/2018:09:58:15 +0000] "OPTIONS /auth/register HTTP/1.1" 200 4 "-" "Mozilla/5.0 (Linux; Android 6.0; Nexus 5 Build/MRA58N) AppleWebKit/537.36 (KHTML, like Gecko) Chrome/65.0.3325.181 Mobile Safari/537.36"
::1 - - [24/Apr/2018:09:58:15 +0000] "POST /auth/register HTTP/1.1" 200 43 "http://localhost:8100/" "Mozilla/5.0 (Linux; Android 6.0; Nexus 5 Build/MRA58N) AppleWebKit/537.36 (KHTML, like Gecko) Chrome/65.0.3325.181 Mobile Safari/537.36"
::1 - - [24/Apr/2018:09:58:56 +0000] "OPTIONS /auth/register HTTP/1.1" 200 4 "-" "Mozilla/5.0 (Linux; Android 6.0; Nexus 5 Build/MRA58N) AppleWebKit/537.36 (KHTML, like Gecko) Chrome/65.0.3325.181 Mobile Safari/537.36"
::1 - - [24/Apr/2018:09:58:56 +0000] "POST /auth/register HTTP/1.1" 200 43 "http://localhost:8100/" "Mozilla/5.0 (Linux; Android 6.0; Nexus 5 Build/MRA58N) AppleWebKit/537.36 (KHTML, like Gecko) Chrome/65.0.3325.181 Mobile Safari/537.36"
::1 - - [24/Apr/2018:10:00:40 +0000] "OPTIONS /auth/register HTTP/1.1" 200 4 "-" "Mozilla/5.0 (Linux; Android 6.0; Nexus 5 Build/MRA58N) AppleWebKit/537.36 (KHTML, like Gecko) Chrome/65.0.3325.181 Mobile Safari/537.36"
::1 - - [24/Apr/2018:10:00:40 +0000] "POST /auth/register HTTP/1.1" 200 43 "http://localhost:8100/" "Mozilla/5.0 (Linux; Android 6.0; Nexus 5 Build/MRA58N) AppleWebKit/537.36 (KHTML, like Gecko) Chrome/65.0.3325.181 Mobile Safari/537.36"
::1 - - [24/Apr/2018:10:01:07 +0000] "OPTIONS /auth/register HTTP/1.1" 200 4 "-" "Mozilla/5.0 (Linux; Android 6.0; Nexus 5 Build/MRA58N) AppleWebKit/537.36 (KHTML, like Gecko) Chrome/65.0.3325.181 Mobile Safari/537.36"
::1 - - [24/Apr/2018:10:01:07 +0000] "POST /auth/register HTTP/1.1" 200 43 "http://localhost:8100/" "Mozilla/5.0 (Linux; Android 6.0; Nexus 5 Build/MRA58N) AppleWebKit/537.36 (KHTML, like Gecko) Chrome/65.0.3325.181 Mobile Safari/537.36"
::1 - - [24/Apr/2018:10:02:21 +0000] "OPTIONS /auth/register HTTP/1.1" 200 4 "-" "Mozilla/5.0 (Linux; Android 6.0; Nexus 5 Build/MRA58N) AppleWebKit/537.36 (KHTML, like Gecko) Chrome/65.0.3325.181 Mobile Safari/537.36"
::1 - - [24/Apr/2018:10:02:21 +0000] "POST /auth/register HTTP/1.1" 200 43 "http://localhost:8100/" "Mozilla/5.0 (Linux; Android 6.0; Nexus 5 Build/MRA58N) AppleWebKit/537.36 (KHTML, like Gecko) Chrome/65.0.3325.181 Mobile Safari/537.36"
::1 - - [24/Apr/2018:10:04:02 +0000] "OPTIONS /auth/register HTTP/1.1" 200 4 "-" "Mozilla/5.0 (Linux; Android 6.0; Nexus 5 Build/MRA58N) AppleWebKit/537.36 (KHTML, like Gecko) Chrome/65.0.3325.181 Mobile Safari/537.36"
::1 - - [24/Apr/2018:10:04:02 +0000] "POST /auth/register HTTP/1.1" 200 43 "http://localhost:8100/" "Mozilla/5.0 (Linux; Android 6.0; Nexus 5 Build/MRA58N) AppleWebKit/537.36 (KHTML, like Gecko) Chrome/65.0.3325.181 Mobile Safari/537.36"
::1 - - [24/Apr/2018:10:04:36 +0000] "OPTIONS /auth/register HTTP/1.1" 200 4 "-" "Mozilla/5.0 (Linux; Android 6.0; Nexus 5 Build/MRA58N) AppleWebKit/537.36 (KHTML, like Gecko) Chrome/65.0.3325.181 Mobile Safari/537.36"
::1 - - [24/Apr/2018:10:04:36 +0000] "POST /auth/register HTTP/1.1" 200 43 "http://localhost:8100/" "Mozilla/5.0 (Linux; Android 6.0; Nexus 5 Build/MRA58N) AppleWebKit/537.36 (KHTML, like Gecko) Chrome/65.0.3325.181 Mobile Safari/537.36"
::1 - - [24/Apr/2018:10:05:55 +0000] "OPTIONS /auth/register HTTP/1.1" 200 4 "-" "Mozilla/5.0 (Linux; Android 6.0; Nexus 5 Build/MRA58N) AppleWebKit/537.36 (KHTML, like Gecko) Chrome/65.0.3325.181 Mobile Safari/537.36"
::1 - - [24/Apr/2018:10:05:55 +0000] "POST /auth/register HTTP/1.1" 200 43 "http://localhost:8100/" "Mozilla/5.0 (Linux; Android 6.0; Nexus 5 Build/MRA58N) AppleWebKit/537.36 (KHTML, like Gecko) Chrome/65.0.3325.181 Mobile Safari/537.36"
::1 - - [24/Apr/2018:10:20:15 +0000] "OPTIONS /auth/register HTTP/1.1" 200 4 "-" "Mozilla/5.0 (Linux; Android 6.0; Nexus 5 Build/MRA58N) AppleWebKit/537.36 (KHTML, like Gecko) Chrome/65.0.3325.181 Mobile Safari/537.36"
::1 - - [24/Apr/2018:10:20:15 +0000] "POST /auth/register HTTP/1.1" 200 43 "http://localhost:8100/" "Mozilla/5.0 (Linux; Android 6.0; Nexus 5 Build/MRA58N) AppleWebKit/537.36 (KHTML, like Gecko) Chrome/65.0.3325.181 Mobile Safari/537.36"
::1 - - [24/Apr/2018:10:25:47 +0000] "OPTIONS /auth/register HTTP/1.1" 200 4 "-" "Mozilla/5.0 (Linux; Android 6.0; Nexus 5 Build/MRA58N) AppleWebKit/537.36 (KHTML, like Gecko) Chrome/65.0.3325.181 Mobile Safari/537.36"
::1 - - [24/Apr/2018:10:25:47 +0000] "POST /auth/register HTTP/1.1" 200 43 "http://localhost:8100/" "Mozilla/5.0 (Linux; Android 6.0; Nexus 5 Build/MRA58N) AppleWebKit/537.36 (KHTML, like Gecko) Chrome/65.0.3325.181 Mobile Safari/537.36"
::1 - - [24/Apr/2018:10:28:02 +0000] "OPTIONS /auth/register HTTP/1.1" 200 4 "-" "Mozilla/5.0 (Linux; Android 6.0; Nexus 5 Build/MRA58N) AppleWebKit/537.36 (KHTML, like Gecko) Chrome/65.0.3325.181 Mobile Safari/537.36"
::1 - - [24/Apr/2018:10:28:02 +0000] "POST /auth/register HTTP/1.1" 200 65 "http://localhost:8100/" "Mozilla/5.0 (Linux; Android 6.0; Nexus 5 Build/MRA58N) AppleWebKit/537.36 (KHTML, like Gecko) Chrome/65.0.3325.181 Mobile Safari/537.36"
::1 - - [24/Apr/2018:10:32:29 +0000] "OPTIONS /auth/login HTTP/1.1" 200 4 "-" "Mozilla/5.0 (Linux; Android 6.0; Nexus 5 Build/MRA58N) AppleWebKit/537.36 (KHTML, like Gecko) Chrome/65.0.3325.181 Mobile Safari/537.36"
::1 - - [24/Apr/2018:10:32:29 +0000] "POST /auth/login HTTP/1.1" 200 79 "http://localhost:8100/" "Mozilla/5.0 (Linux; Android 6.0; Nexus 5 Build/MRA58N) AppleWebKit/537.36 (KHTML, like Gecko) Chrome/65.0.3325.181 Mobile Safari/537.36"
::1 - - [24/Apr/2018:10:32:46 +0000] "OPTIONS /auth/login HTTP/1.1" 200 4 "-" "Mozilla/5.0 (Linux; Android 6.0; Nexus 5 Build/MRA58N) AppleWebKit/537.36 (KHTML, like Gecko) Chrome/65.0.3325.181 Mobile Safari/537.36"
::1 - - [24/Apr/2018:10:32:46 +0000] "POST /auth/login HTTP/1.1" 200 261 "http://localhost:8100/" "Mozilla/5.0 (Linux; Android 6.0; Nexus 5 Build/MRA58N) AppleWebKit/537.36 (KHTML, like Gecko) Chrome/65.0.3325.181 Mobile Safari/537.36"
::1 - - [24/Apr/2018:11:01:22 +0000] "OPTIONS /auth/login HTTP/1.1" 200 4 "-" "Mozilla/5.0 (Linux; Android 6.0; Nexus 5 Build/MRA58N) AppleWebKit/537.36 (KHTML, like Gecko) Chrome/65.0.3325.181 Mobile Safari/537.36"
::1 - - [24/Apr/2018:11:01:22 +0000] "POST /auth/login HTTP/1.1" 200 79 "http://localhost:8100/" "Mozilla/5.0 (Linux; Android 6.0; Nexus 5 Build/MRA58N) AppleWebKit/537.36 (KHTML, like Gecko) Chrome/65.0.3325.181 Mobile Safari/537.36"
::1 - - [24/Apr/2018:11:01:38 +0000] "OPTIONS /auth/login HTTP/1.1" 200 4 "-" "Mozilla/5.0 (Linux; Android 6.0; Nexus 5 Build/MRA58N) AppleWebKit/537.36 (KHTML, like Gecko) Chrome/65.0.3325.181 Mobile Safari/537.36"
::1 - - [24/Apr/2018:11:01:38 +0000] "POST /auth/login HTTP/1.1" 200 261 "http://localhost:8100/" "Mozilla/5.0 (Linux; Android 6.0; Nexus 5 Build/MRA58N) AppleWebKit/537.36 (KHTML, like Gecko) Chrome/65.0.3325.181 Mobile Safari/537.36"
::1 - - [24/Apr/2018:11:02:31 +0000] "OPTIONS /auth/login HTTP/1.1" 200 4 "-" "Mozilla/5.0 (Linux; Android 6.0; Nexus 5 Build/MRA58N) AppleWebKit/537.36 (KHTML, like Gecko) Chrome/65.0.3325.181 Mobile Safari/537.36"
::1 - - [24/Apr/2018:11:02:31 +0000] "POST /auth/login HTTP/1.1" 200 79 "http://localhost:8100/" "Mozilla/5.0 (Linux; Android 6.0; Nexus 5 Build/MRA58N) AppleWebKit/537.36 (KHTML, like Gecko) Chrome/65.0.3325.181 Mobile Safari/537.36"
::1 - - [24/Apr/2018:11:02:44 +0000] "OPTIONS /auth/login HTTP/1.1" 200 4 "-" "Mozilla/5.0 (Linux; Android 6.0; Nexus 5 Build/MRA58N) AppleWebKit/537.36 (KHTML, like Gecko) Chrome/65.0.3325.181 Mobile Safari/537.36"
::1 - - [24/Apr/2018:11:02:44 +0000] "POST /auth/login HTTP/1.1" 200 261 "http://localhost:8100/" "Mozilla/5.0 (Linux; Android 6.0; Nexus 5 Build/MRA58N) AppleWebKit/537.36 (KHTML, like Gecko) Chrome/65.0.3325.181 Mobile Safari/537.36"
::1 - - [24/Apr/2018:11:04:44 +0000] "OPTIONS /auth/login HTTP/1.1" 200 4 "-" "Mozilla/5.0 (Linux; Android 6.0; Nexus 5 Build/MRA58N) AppleWebKit/537.36 (KHTML, like Gecko) Chrome/65.0.3325.181 Mobile Safari/537.36"
::1 - - [24/Apr/2018:11:04:44 +0000] "POST /auth/login HTTP/1.1" 200 261 "http://localhost:8100/" "Mozilla/5.0 (Linux; Android 6.0; Nexus 5 Build/MRA58N) AppleWebKit/537.36 (KHTML, like Gecko) Chrome/65.0.3325.181 Mobile Safari/537.36"
::1 - - [24/Apr/2018:11:05:07 +0000] "OPTIONS /auth/login HTTP/1.1" 200 4 "-" "Mozilla/5.0 (Linux; Android 6.0; Nexus 5 Build/MRA58N) AppleWebKit/537.36 (KHTML, like Gecko) Chrome/65.0.3325.181 Mobile Safari/537.36"
::1 - - [24/Apr/2018:11:05:07 +0000] "POST /auth/login HTTP/1.1" 200 261 "http://localhost:8100/" "Mozilla/5.0 (Linux; Android 6.0; Nexus 5 Build/MRA58N) AppleWebKit/537.36 (KHTML, like Gecko) Chrome/65.0.3325.181 Mobile Safari/537.36"
::1 - - [24/Apr/2018:11:05:27 +0000] "OPTIONS /auth/login HTTP/1.1" 200 4 "-" "Mozilla/5.0 (Linux; Android 6.0; Nexus 5 Build/MRA58N) AppleWebKit/537.36 (KHTML, like Gecko) Chrome/65.0.3325.181 Mobile Safari/537.36"
::1 - - [24/Apr/2018:11:05:27 +0000] "POST /auth/login HTTP/1.1" 200 261 "http://localhost:8100/" "Mozilla/5.0 (Linux; Android 6.0; Nexus 5 Build/MRA58N) AppleWebKit/537.36 (KHTML, like Gecko) Chrome/65.0.3325.181 Mobile Safari/537.36"
::1 - - [24/Apr/2018:11:06:16 +0000] "OPTIONS /auth/login HTTP/1.1" 200 4 "-" "Mozilla/5.0 (Linux; Android 6.0; Nexus 5 Build/MRA58N) AppleWebKit/537.36 (KHTML, like Gecko) Chrome/65.0.3325.181 Mobile Safari/537.36"
::1 - - [24/Apr/2018:11:06:16 +0000] "POST /auth/login HTTP/1.1" 200 261 "http://localhost:8100/" "Mozilla/5.0 (Linux; Android 6.0; Nexus 5 Build/MRA58N) AppleWebKit/537.36 (KHTML, like Gecko) Chrome/65.0.3325.181 Mobile Safari/537.36"
::1 - - [24/Apr/2018:11:08:39 +0000] "OPTIONS /auth/login HTTP/1.1" 200 4 "-" "Mozilla/5.0 (Linux; Android 6.0; Nexus 5 Build/MRA58N) AppleWebKit/537.36 (KHTML, like Gecko) Chrome/65.0.3325.181 Mobile Safari/537.36"
::1 - - [24/Apr/2018:11:08:39 +0000] "POST /auth/login HTTP/1.1" 200 261 "http://localhost:8100/" "Mozilla/5.0 (Linux; Android 6.0; Nexus 5 Build/MRA58N) AppleWebKit/537.36 (KHTML, like Gecko) Chrome/65.0.3325.181 Mobile Safari/537.36"
::1 - - [24/Apr/2018:11:11:55 +0000] "OPTIONS /auth/login HTTP/1.1" 200 4 "-" "Mozilla/5.0 (Linux; Android 6.0; Nexus 5 Build/MRA58N) AppleWebKit/537.36 (KHTML, like Gecko) Chrome/65.0.3325.181 Mobile Safari/537.36"
::1 - - [24/Apr/2018:11:11:55 +0000] "POST /auth/login HTTP/1.1" 200 261 "http://localhost:8100/" "Mozilla/5.0 (Linux; Android 6.0; Nexus 5 Build/MRA58N) AppleWebKit/537.36 (KHTML, like Gecko) Chrome/65.0.3325.181 Mobile Safari/537.36"
::1 - - [24/Apr/2018:11:12:30 +0000] "OPTIONS /auth/login HTTP/1.1" 200 4 "-" "Mozilla/5.0 (Linux; Android 6.0; Nexus 5 Build/MRA58N) AppleWebKit/537.36 (KHTML, like Gecko) Chrome/65.0.3325.181 Mobile Safari/537.36"
::1 - - [24/Apr/2018:11:12:30 +0000] "POST /auth/login HTTP/1.1" 200 79 "http://localhost:8100/" "Mozilla/5.0 (Linux; Android 6.0; Nexus 5 Build/MRA58N) AppleWebKit/537.36 (KHTML, like Gecko) Chrome/65.0.3325.181 Mobile Safari/537.36"
::1 - - [24/Apr/2018:11:12:38 +0000] "OPTIONS /auth/login HTTP/1.1" 200 4 "-" "Mozilla/5.0 (Linux; Android 6.0; Nexus 5 Build/MRA58N) AppleWebKit/537.36 (KHTML, like Gecko) Chrome/65.0.3325.181 Mobile Safari/537.36"
::1 - - [24/Apr/2018:11:12:38 +0000] "POST /auth/login HTTP/1.1" 200 261 "http://localhost:8100/" "Mozilla/5.0 (Linux; Android 6.0; Nexus 5 Build/MRA58N) AppleWebKit/537.36 (KHTML, like Gecko) Chrome/65.0.3325.181 Mobile Safari/537.36"
::1 - - [24/Apr/2018:11:13:24 +0000] "OPTIONS /auth/login HTTP/1.1" 200 4 "-" "Mozilla/5.0 (Linux; Android 6.0; Nexus 5 Build/MRA58N) AppleWebKit/537.36 (KHTML, like Gecko) Chrome/65.0.3325.181 Mobile Safari/537.36"
::1 - - [24/Apr/2018:11:13:24 +0000] "POST /auth/login HTTP/1.1" 200 261 "http://localhost:8100/" "Mozilla/5.0 (Linux; Android 6.0; Nexus 5 Build/MRA58N) AppleWebKit/537.36 (KHTML, like Gecko) Chrome/65.0.3325.181 Mobile Safari/537.36"
::1 - - [24/Apr/2018:11:15:06 +0000] "OPTIONS /auth/login HTTP/1.1" 200 4 "-" "Mozilla/5.0 (Linux; Android 6.0; Nexus 5 Build/MRA58N) AppleWebKit/537.36 (KHTML, like Gecko) Chrome/65.0.3325.181 Mobile Safari/537.36"
::1 - - [24/Apr/2018:11:15:06 +0000] "POST /auth/login HTTP/1.1" 200 261 "http://localhost:8100/" "Mozilla/5.0 (Linux; Android 6.0; Nexus 5 Build/MRA58N) AppleWebKit/537.36 (KHTML, like Gecko) Chrome/65.0.3325.181 Mobile Safari/537.36"
::1 - - [24/Apr/2018:11:15:18 +0000] "OPTIONS /auth/login HTTP/1.1" 200 4 "-" "Mozilla/5.0 (Linux; Android 6.0; Nexus 5 Build/MRA58N) AppleWebKit/537.36 (KHTML, like Gecko) Chrome/65.0.3325.181 Mobile Safari/537.36"
::1 - - [24/Apr/2018:11:15:18 +0000] "POST /auth/login HTTP/1.1" 200 261 "http://localhost:8100/" "Mozilla/5.0 (Linux; Android 6.0; Nexus 5 Build/MRA58N) AppleWebKit/537.36 (KHTML, like Gecko) Chrome/65.0.3325.181 Mobile Safari/537.36"
::1 - - [24/Apr/2018:11:23:02 +0000] "OPTIONS /auth/login HTTP/1.1" 200 4 "-" "Mozilla/5.0 (Linux; Android 6.0; Nexus 5 Build/MRA58N) AppleWebKit/537.36 (KHTML, like Gecko) Chrome/65.0.3325.181 Mobile Safari/537.36"
::1 - - [24/Apr/2018:11:23:02 +0000] "POST /auth/login HTTP/1.1" 200 261 "http://localhost:8100/" "Mozilla/5.0 (Linux; Android 6.0; Nexus 5 Build/MRA58N) AppleWebKit/537.36 (KHTML, like Gecko) Chrome/65.0.3325.181 Mobile Safari/537.36"
::1 - - [24/Apr/2018:11:23:29 +0000] "OPTIONS /auth/login HTTP/1.1" 200 4 "-" "Mozilla/5.0 (Linux; Android 6.0; Nexus 5 Build/MRA58N) AppleWebKit/537.36 (KHTML, like Gecko) Chrome/65.0.3325.181 Mobile Safari/537.36"
::1 - - [24/Apr/2018:11:23:29 +0000] "POST /auth/login HTTP/1.1" 200 261 "http://localhost:8100/" "Mozilla/5.0 (Linux; Android 6.0; Nexus 5 Build/MRA58N) AppleWebKit/537.36 (KHTML, like Gecko) Chrome/65.0.3325.181 Mobile Safari/537.36"
::1 - - [24/Apr/2018:11:47:31 +0000] "OPTIONS /users HTTP/1.1" 200 8 "-" "Mozilla/5.0 (Linux; Android 6.0; Nexus 5 Build/MRA58N) AppleWebKit/537.36 (KHTML, like Gecko) Chrome/65.0.3325.181 Mobile Safari/537.36"
::1 - - [24/Apr/2018:11:48:09 +0000] "OPTIONS /users HTTP/1.1" 200 8 "-" "Mozilla/5.0 (Linux; Android 6.0; Nexus 5 Build/MRA58N) AppleWebKit/537.36 (KHTML, like Gecko) Chrome/65.0.3325.181 Mobile Safari/537.36"
::1 - - [24/Apr/2018:11:48:42 +0000] "GET /users HTTP/1.1" 403 9 "-" "Mozilla/5.0 (Macintosh; Intel Mac OS X 10_13_3) AppleWebKit/537.36 (KHTML, like Gecko) Chrome/65.0.3325.181 Safari/537.36"
::1 - - [24/Apr/2018:11:48:42 +0000] "GET /favicon.ico HTTP/1.1" 404 1033 "http://localhost:3000/users" "Mozilla/5.0 (Macintosh; Intel Mac OS X 10_13_3) AppleWebKit/537.36 (KHTML, like Gecko) Chrome/65.0.3325.181 Safari/537.36"
::1 - - [24/Apr/2018:11:54:33 +0000] "POST /users/login HTTP/1.1" 404 1033 "-" "PostmanRuntime/7.1.1"
::1 - - [24/Apr/2018:11:59:36 +0000] "POST /auth/login HTTP/1.1" 200 261 "-" "PostmanRuntime/7.1.1"
::1 - - [24/Apr/2018:12:00:01 +0000] "OPTIONS /users HTTP/1.1" 200 8 "-" "Mozilla/5.0 (Linux; Android 6.0; Nexus 5 Build/MRA58N) AppleWebKit/537.36 (KHTML, like Gecko) Chrome/65.0.3325.181 Mobile Safari/537.36"
::1 - - [24/Apr/2018:12:00:43 +0000] "OPTIONS /users HTTP/1.1" 200 8 "-" "Mozilla/5.0 (Linux; Android 6.0; Nexus 5 Build/MRA58N) AppleWebKit/537.36 (KHTML, like Gecko) Chrome/65.0.3325.181 Mobile Safari/537.36"
::1 - - [24/Apr/2018:12:00:43 +0000] "GET /users HTTP/1.1" 403 9 "http://localhost:8100/" "Mozilla/5.0 (Linux; Android 6.0; Nexus 5 Build/MRA58N) AppleWebKit/537.36 (KHTML, like Gecko) Chrome/65.0.3325.181 Mobile Safari/537.36"
::1 - - [24/Apr/2018:12:27:17 +0000] "OPTIONS /users HTTP/1.1" 200 8 "-" "Mozilla/5.0 (Linux; Android 6.0; Nexus 5 Build/MRA58N) AppleWebKit/537.36 (KHTML, like Gecko) Chrome/65.0.3325.181 Mobile Safari/537.36"
::1 - - [24/Apr/2018:12:27:17 +0000] "GET /users HTTP/1.1" 403 9 "http://localhost:8100/" "Mozilla/5.0 (Linux; Android 6.0; Nexus 5 Build/MRA58N) AppleWebKit/537.36 (KHTML, like Gecko) Chrome/65.0.3325.181 Mobile Safari/537.36"
::1 - - [24/Apr/2018:12:29:20 +0000] "OPTIONS /users HTTP/1.1" 200 8 "-" "Mozilla/5.0 (Linux; Android 6.0; Nexus 5 Build/MRA58N) AppleWebKit/537.36 (KHTML, like Gecko) Chrome/65.0.3325.181 Mobile Safari/537.36"
::1 - - [24/Apr/2018:12:29:20 +0000] "GET /users HTTP/1.1" 403 9 "http://localhost:8100/" "Mozilla/5.0 (Linux; Android 6.0; Nexus 5 Build/MRA58N) AppleWebKit/537.36 (KHTML, like Gecko) Chrome/65.0.3325.181 Mobile Safari/537.36"
::1 - - [24/Apr/2018:12:30:07 +0000] "OPTIONS /users HTTP/1.1" 200 8 "-" "Mozilla/5.0 (Linux; Android 6.0; Nexus 5 Build/MRA58N) AppleWebKit/537.36 (KHTML, like Gecko) Chrome/65.0.3325.181 Mobile Safari/537.36"
::1 - - [24/Apr/2018:12:30:07 +0000] "GET /users HTTP/1.1" 403 9 "http://localhost:8100/" "Mozilla/5.0 (Linux; Android 6.0; Nexus 5 Build/MRA58N) AppleWebKit/537.36 (KHTML, like Gecko) Chrome/65.0.3325.181 Mobile Safari/537.36"
::1 - - [24/Apr/2018:12:31:01 +0000] "OPTIONS /users HTTP/1.1" 200 8 "-" "Mozilla/5.0 (Linux; Android 6.0; Nexus 5 Build/MRA58N) AppleWebKit/537.36 (KHTML, like Gecko) Chrome/65.0.3325.181 Mobile Safari/537.36"
::1 - - [24/Apr/2018:12:31:01 +0000] "GET /users HTTP/1.1" 403 9 "http://localhost:8100/" "Mozilla/5.0 (Linux; Android 6.0; Nexus 5 Build/MRA58N) AppleWebKit/537.36 (KHTML, like Gecko) Chrome/65.0.3325.181 Mobile Safari/537.36"
::1 - - [24/Apr/2018:12:31:37 +0000] "OPTIONS /users HTTP/1.1" 200 8 "-" "Mozilla/5.0 (Linux; Android 6.0; Nexus 5 Build/MRA58N) AppleWebKit/537.36 (KHTML, like Gecko) Chrome/65.0.3325.181 Mobile Safari/537.36"
::1 - - [24/Apr/2018:12:31:37 +0000] "GET /users HTTP/1.1" 403 9 "http://localhost:8100/" "Mozilla/5.0 (Linux; Android 6.0; Nexus 5 Build/MRA58N) AppleWebKit/537.36 (KHTML, like Gecko) Chrome/65.0.3325.181 Mobile Safari/537.36"
::1 - - [24/Apr/2018:12:44:10 +0000] "OPTIONS /users HTTP/1.1" 200 8 "-" "Mozilla/5.0 (Linux; Android 6.0; Nexus 5 Build/MRA58N) AppleWebKit/537.36 (KHTML, like Gecko) Chrome/65.0.3325.181 Mobile Safari/537.36"
::1 - - [24/Apr/2018:12:44:10 +0000] "GET /users HTTP/1.1" 403 9 "http://localhost:8100/" "Mozilla/5.0 (Linux; Android 6.0; Nexus 5 Build/MRA58N) AppleWebKit/537.36 (KHTML, like Gecko) Chrome/65.0.3325.181 Mobile Safari/537.36"
::1 - - [24/Apr/2018:12:45:16 +0000] "OPTIONS /users HTTP/1.1" 200 8 "-" "Mozilla/5.0 (Linux; Android 6.0; Nexus 5 Build/MRA58N) AppleWebKit/537.36 (KHTML, like Gecko) Chrome/65.0.3325.181 Mobile Safari/537.36"
::1 - - [24/Apr/2018:12:45:16 +0000] "GET /users HTTP/1.1" 403 9 "http://localhost:8100/" "Mozilla/5.0 (Linux; Android 6.0; Nexus 5 Build/MRA58N) AppleWebKit/537.36 (KHTML, like Gecko) Chrome/65.0.3325.181 Mobile Safari/537.36"
::1 - - [24/Apr/2018:12:45:24 +0000] "OPTIONS /users HTTP/1.1" 200 8 "-" "Mozilla/5.0 (Linux; Android 6.0; Nexus 5 Build/MRA58N) AppleWebKit/537.36 (KHTML, like Gecko) Chrome/65.0.3325.181 Mobile Safari/537.36"
::1 - - [24/Apr/2018:12:45:24 +0000] "GET /users HTTP/1.1" 403 9 "http://localhost:8100/" "Mozilla/5.0 (Linux; Android 6.0; Nexus 5 Build/MRA58N) AppleWebKit/537.36 (KHTML, like Gecko) Chrome/65.0.3325.181 Mobile Safari/537.36"
::1 - - [24/Apr/2018:12:46:36 +0000] "OPTIONS /users HTTP/1.1" 200 8 "-" "Mozilla/5.0 (Linux; Android 6.0; Nexus 5 Build/MRA58N) AppleWebKit/537.36 (KHTML, like Gecko) Chrome/65.0.3325.181 Mobile Safari/537.36"
::1 - - [24/Apr/2018:12:46:36 +0000] "GET /users HTTP/1.1" 403 9 "http://localhost:8100/" "Mozilla/5.0 (Linux; Android 6.0; Nexus 5 Build/MRA58N) AppleWebKit/537.36 (KHTML, like Gecko) Chrome/65.0.3325.181 Mobile Safari/537.36"
::1 - - [24/Apr/2018:12:46:51 +0000] "OPTIONS /users HTTP/1.1" 200 8 "-" "Mozilla/5.0 (Linux; Android 6.0; Nexus 5 Build/MRA58N) AppleWebKit/537.36 (KHTML, like Gecko) Chrome/65.0.3325.181 Mobile Safari/537.36"
::1 - - [24/Apr/2018:12:46:51 +0000] "GET /users HTTP/1.1" 403 9 "http://localhost:8100/" "Mozilla/5.0 (Linux; Android 6.0; Nexus 5 Build/MRA58N) AppleWebKit/537.36 (KHTML, like Gecko) Chrome/65.0.3325.181 Mobile Safari/537.36"
::1 - - [24/Apr/2018:12:47:25 +0000] "OPTIONS /users HTTP/1.1" 200 8 "-" "Mozilla/5.0 (Linux; Android 6.0; Nexus 5 Build/MRA58N) AppleWebKit/537.36 (KHTML, like Gecko) Chrome/65.0.3325.181 Mobile Safari/537.36"
::1 - - [24/Apr/2018:12:47:25 +0000] "GET /users HTTP/1.1" 403 9 "http://localhost:8100/" "Mozilla/5.0 (Linux; Android 6.0; Nexus 5 Build/MRA58N) AppleWebKit/537.36 (KHTML, like Gecko) Chrome/65.0.3325.181 Mobile Safari/537.36"
::1 - - [24/Apr/2018:12:47:46 +0000] "OPTIONS /users HTTP/1.1" 200 8 "-" "Mozilla/5.0 (Linux; Android 6.0; Nexus 5 Build/MRA58N) AppleWebKit/537.36 (KHTML, like Gecko) Chrome/65.0.3325.181 Mobile Safari/537.36"
::1 - - [24/Apr/2018:12:47:46 +0000] "GET /users HTTP/1.1" 403 9 "http://localhost:8100/" "Mozilla/5.0 (Linux; Android 6.0; Nexus 5 Build/MRA58N) AppleWebKit/537.36 (KHTML, like Gecko) Chrome/65.0.3325.181 Mobile Safari/537.36"
::1 - - [24/Apr/2018:12:50:45 +0000] "OPTIONS /users HTTP/1.1" 200 8 "-" "Mozilla/5.0 (Linux; Android 6.0; Nexus 5 Build/MRA58N) AppleWebKit/537.36 (KHTML, like Gecko) Chrome/65.0.3325.181 Mobile Safari/537.36"
::1 - - [24/Apr/2018:12:50:45 +0000] "GET /users HTTP/1.1" 403 9 "http://localhost:8100/" "Mozilla/5.0 (Linux; Android 6.0; Nexus 5 Build/MRA58N) AppleWebKit/537.36 (KHTML, like Gecko) Chrome/65.0.3325.181 Mobile Safari/537.36"
::1 - - [24/Apr/2018:12:51:20 +0000] "OPTIONS /users HTTP/1.1" 200 8 "-" "Mozilla/5.0 (Linux; Android 6.0; Nexus 5 Build/MRA58N) AppleWebKit/537.36 (KHTML, like Gecko) Chrome/65.0.3325.181 Mobile Safari/537.36"
::1 - - [24/Apr/2018:12:51:20 +0000] "GET /users HTTP/1.1" 403 9 "http://localhost:8100/" "Mozilla/5.0 (Linux; Android 6.0; Nexus 5 Build/MRA58N) AppleWebKit/537.36 (KHTML, like Gecko) Chrome/65.0.3325.181 Mobile Safari/537.36"
::1 - - [24/Apr/2018:12:52:23 +0000] "OPTIONS /users HTTP/1.1" 200 8 "-" "Mozilla/5.0 (Linux; Android 6.0; Nexus 5 Build/MRA58N) AppleWebKit/537.36 (KHTML, like Gecko) Chrome/65.0.3325.181 Mobile Safari/537.36"
::1 - - [24/Apr/2018:12:52:23 +0000] "GET /users HTTP/1.1" 403 9 "http://localhost:8100/" "Mozilla/5.0 (Linux; Android 6.0; Nexus 5 Build/MRA58N) AppleWebKit/537.36 (KHTML, like Gecko) Chrome/65.0.3325.181 Mobile Safari/537.36"
::1 - - [24/Apr/2018:12:52:56 +0000] "OPTIONS /users HTTP/1.1" 200 8 "-" "Mozilla/5.0 (Linux; Android 6.0; Nexus 5 Build/MRA58N) AppleWebKit/537.36 (KHTML, like Gecko) Chrome/65.0.3325.181 Mobile Safari/537.36"
::1 - - [24/Apr/2018:12:52:56 +0000] "GET /users HTTP/1.1" 403 9 "http://localhost:8100/" "Mozilla/5.0 (Linux; Android 6.0; Nexus 5 Build/MRA58N) AppleWebKit/537.36 (KHTML, like Gecko) Chrome/65.0.3325.181 Mobile Safari/537.36"
::1 - - [24/Apr/2018:12:53:05 +0000] "OPTIONS /users HTTP/1.1" 200 8 "-" "Mozilla/5.0 (Linux; Android 6.0; Nexus 5 Build/MRA58N) AppleWebKit/537.36 (KHTML, like Gecko) Chrome/65.0.3325.181 Mobile Safari/537.36"
::1 - - [24/Apr/2018:12:53:05 +0000] "GET /users HTTP/1.1" 403 9 "http://localhost:8100/" "Mozilla/5.0 (Linux; Android 6.0; Nexus 5 Build/MRA58N) AppleWebKit/537.36 (KHTML, like Gecko) Chrome/65.0.3325.181 Mobile Safari/537.36"
::1 - - [24/Apr/2018:12:54:36 +0000] "OPTIONS /users HTTP/1.1" 200 8 "-" "Mozilla/5.0 (Linux; Android 6.0; Nexus 5 Build/MRA58N) AppleWebKit/537.36 (KHTML, like Gecko) Chrome/65.0.3325.181 Mobile Safari/537.36"
::1 - - [24/Apr/2018:12:54:36 +0000] "GET /users HTTP/1.1" 403 9 "http://localhost:8100/" "Mozilla/5.0 (Linux; Android 6.0; Nexus 5 Build/MRA58N) AppleWebKit/537.36 (KHTML, like Gecko) Chrome/65.0.3325.181 Mobile Safari/537.36"
::1 - - [24/Apr/2018:12:54:57 +0000] "OPTIONS /users HTTP/1.1" 200 8 "-" "Mozilla/5.0 (Linux; Android 6.0; Nexus 5 Build/MRA58N) AppleWebKit/537.36 (KHTML, like Gecko) Chrome/65.0.3325.181 Mobile Safari/537.36"
::1 - - [24/Apr/2018:12:54:57 +0000] "GET /users HTTP/1.1" 403 9 "http://localhost:8100/" "Mozilla/5.0 (Linux; Android 6.0; Nexus 5 Build/MRA58N) AppleWebKit/537.36 (KHTML, like Gecko) Chrome/65.0.3325.181 Mobile Safari/537.36"
::1 - - [24/Apr/2018:12:55:22 +0000] "OPTIONS /users HTTP/1.1" 200 8 "-" "Mozilla/5.0 (Linux; Android 6.0; Nexus 5 Build/MRA58N) AppleWebKit/537.36 (KHTML, like Gecko) Chrome/65.0.3325.181 Mobile Safari/537.36"
::1 - - [24/Apr/2018:12:55:22 +0000] "GET /users HTTP/1.1" 403 9 "http://localhost:8100/" "Mozilla/5.0 (Linux; Android 6.0; Nexus 5 Build/MRA58N) AppleWebKit/537.36 (KHTML, like Gecko) Chrome/65.0.3325.181 Mobile Safari/537.36"
::1 - - [24/Apr/2018:12:55:45 +0000] "OPTIONS /users HTTP/1.1" 200 8 "-" "Mozilla/5.0 (Linux; Android 6.0; Nexus 5 Build/MRA58N) AppleWebKit/537.36 (KHTML, like Gecko) Chrome/65.0.3325.181 Mobile Safari/537.36"
::1 - - [24/Apr/2018:12:55:45 +0000] "GET /users HTTP/1.1" 403 9 "http://localhost:8100/" "Mozilla/5.0 (Linux; Android 6.0; Nexus 5 Build/MRA58N) AppleWebKit/537.36 (KHTML, like Gecko) Chrome/65.0.3325.181 Mobile Safari/537.36"
::1 - - [24/Apr/2018:12:55:50 +0000] "GET /users HTTP/1.1" 403 9 "http://localhost:8100/" "Mozilla/5.0 (Linux; Android 6.0; Nexus 5 Build/MRA58N) AppleWebKit/537.36 (KHTML, like Gecko) Chrome/65.0.3325.181 Mobile Safari/537.36"
::1 - - [24/Apr/2018:12:56:24 +0000] "OPTIONS /users HTTP/1.1" 200 8 "-" "Mozilla/5.0 (Linux; Android 6.0; Nexus 5 Build/MRA58N) AppleWebKit/537.36 (KHTML, like Gecko) Chrome/65.0.3325.181 Mobile Safari/537.36"
::1 - - [24/Apr/2018:12:56:24 +0000] "GET /users HTTP/1.1" 403 9 "http://localhost:8100/" "Mozilla/5.0 (Linux; Android 6.0; Nexus 5 Build/MRA58N) AppleWebKit/537.36 (KHTML, like Gecko) Chrome/65.0.3325.181 Mobile Safari/537.36"
::1 - - [24/Apr/2018:12:57:20 +0000] "OPTIONS /users HTTP/1.1" 200 8 "-" "Mozilla/5.0 (Linux; Android 6.0; Nexus 5 Build/MRA58N) AppleWebKit/537.36 (KHTML, like Gecko) Chrome/65.0.3325.181 Mobile Safari/537.36"
::1 - - [24/Apr/2018:12:57:20 +0000] "GET /users HTTP/1.1" 403 9 "http://localhost:8100/" "Mozilla/5.0 (Linux; Android 6.0; Nexus 5 Build/MRA58N) AppleWebKit/537.36 (KHTML, like Gecko) Chrome/65.0.3325.181 Mobile Safari/537.36"
::1 - - [24/Apr/2018:12:59:17 +0000] "OPTIONS /users HTTP/1.1" 200 8 "-" "Mozilla/5.0 (Linux; Android 6.0; Nexus 5 Build/MRA58N) AppleWebKit/537.36 (KHTML, like Gecko) Chrome/65.0.3325.181 Mobile Safari/537.36"
::1 - - [24/Apr/2018:12:59:17 +0000] "GET /users HTTP/1.1" 403 9 "http://localhost:8100/" "Mozilla/5.0 (Linux; Android 6.0; Nexus 5 Build/MRA58N) AppleWebKit/537.36 (KHTML, like Gecko) Chrome/65.0.3325.181 Mobile Safari/537.36"
::1 - - [24/Apr/2018:12:59:46 +0000] "OPTIONS /users HTTP/1.1" 200 8 "-" "Mozilla/5.0 (Linux; Android 6.0; Nexus 5 Build/MRA58N) AppleWebKit/537.36 (KHTML, like Gecko) Chrome/65.0.3325.181 Mobile Safari/537.36"
::1 - - [24/Apr/2018:12:59:46 +0000] "GET /users HTTP/1.1" 403 9 "http://localhost:8100/" "Mozilla/5.0 (Linux; Android 6.0; Nexus 5 Build/MRA58N) AppleWebKit/537.36 (KHTML, like Gecko) Chrome/65.0.3325.181 Mobile Safari/537.36"
::1 - - [24/Apr/2018:13:03:03 +0000] "OPTIONS /users HTTP/1.1" 200 8 "-" "Mozilla/5.0 (Linux; Android 6.0; Nexus 5 Build/MRA58N) AppleWebKit/537.36 (KHTML, like Gecko) Chrome/65.0.3325.181 Mobile Safari/537.36"
::1 - - [24/Apr/2018:13:03:03 +0000] "GET /users HTTP/1.1" 403 9 "http://localhost:8100/" "Mozilla/5.0 (Linux; Android 6.0; Nexus 5 Build/MRA58N) AppleWebKit/537.36 (KHTML, like Gecko) Chrome/65.0.3325.181 Mobile Safari/537.36"
::1 - - [24/Apr/2018:13:04:40 +0000] "OPTIONS /users HTTP/1.1" 200 8 "-" "Mozilla/5.0 (Linux; Android 6.0; Nexus 5 Build/MRA58N) AppleWebKit/537.36 (KHTML, like Gecko) Chrome/65.0.3325.181 Mobile Safari/537.36"
::1 - - [24/Apr/2018:13:04:40 +0000] "GET /users HTTP/1.1" 403 9 "http://localhost:8100/" "Mozilla/5.0 (Linux; Android 6.0; Nexus 5 Build/MRA58N) AppleWebKit/537.36 (KHTML, like Gecko) Chrome/65.0.3325.181 Mobile Safari/537.36"
::1 - - [24/Apr/2018:13:06:27 +0000] "GET /users HTTP/1.1" 403 9 "http://localhost:8100/" "Mozilla/5.0 (Linux; Android 6.0; Nexus 5 Build/MRA58N) AppleWebKit/537.36 (KHTML, like Gecko) Chrome/65.0.3325.181 Mobile Safari/537.36"
::1 - - [24/Apr/2018:13:07:15 +0000] "GET /users HTTP/1.1" 403 9 "http://localhost:8100/" "Mozilla/5.0 (Linux; Android 6.0; Nexus 5 Build/MRA58N) AppleWebKit/537.36 (KHTML, like Gecko) Chrome/65.0.3325.181 Mobile Safari/537.36"
::1 - - [24/Apr/2018:13:12:29 +0000] "GET /users HTTP/1.1" 403 9 "http://localhost:8100/" "Mozilla/5.0 (Linux; Android 6.0; Nexus 5 Build/MRA58N) AppleWebKit/537.36 (KHTML, like Gecko) Chrome/65.0.3325.181 Mobile Safari/537.36"
::1 - - [24/Apr/2018:13:13:11 +0000] "OPTIONS /users HTTP/1.1" 200 8 "-" "Mozilla/5.0 (Linux; Android 6.0; Nexus 5 Build/MRA58N) AppleWebKit/537.36 (KHTML, like Gecko) Chrome/65.0.3325.181 Mobile Safari/537.36"
::1 - - [24/Apr/2018:13:13:11 +0000] "GET /users HTTP/1.1" 403 9 "http://localhost:8100/" "Mozilla/5.0 (Linux; Android 6.0; Nexus 5 Build/MRA58N) AppleWebKit/537.36 (KHTML, like Gecko) Chrome/65.0.3325.181 Mobile Safari/537.36"
::1 - - [24/Apr/2018:13:13:15 +0000] "GET /users HTTP/1.1" 403 9 "http://localhost:8100/" "Mozilla/5.0 (Linux; Android 6.0; Nexus 5 Build/MRA58N) AppleWebKit/537.36 (KHTML, like Gecko) Chrome/65.0.3325.181 Mobile Safari/537.36"
::1 - - [24/Apr/2018:13:14:56 +0000] "OPTIONS /users HTTP/1.1" 200 8 "-" "Mozilla/5.0 (Linux; Android 6.0; Nexus 5 Build/MRA58N) AppleWebKit/537.36 (KHTML, like Gecko) Chrome/65.0.3325.181 Mobile Safari/537.36"
::1 - - [24/Apr/2018:13:14:56 +0000] "GET /users HTTP/1.1" 403 9 "http://localhost:8100/" "Mozilla/5.0 (Linux; Android 6.0; Nexus 5 Build/MRA58N) AppleWebKit/537.36 (KHTML, like Gecko) Chrome/65.0.3325.181 Mobile Safari/537.36"
::1 - - [24/Apr/2018:13:15:48 +0000] "OPTIONS /users HTTP/1.1" 200 8 "-" "Mozilla/5.0 (Linux; Android 6.0; Nexus 5 Build/MRA58N) AppleWebKit/537.36 (KHTML, like Gecko) Chrome/65.0.3325.181 Mobile Safari/537.36"
::1 - - [24/Apr/2018:13:15:48 +0000] "GET /users HTTP/1.1" 403 9 "http://localhost:8100/" "Mozilla/5.0 (Linux; Android 6.0; Nexus 5 Build/MRA58N) AppleWebKit/537.36 (KHTML, like Gecko) Chrome/65.0.3325.181 Mobile Safari/537.36"
::1 - - [24/Apr/2018:13:17:34 +0000] "OPTIONS /users HTTP/1.1" 200 8 "-" "Mozilla/5.0 (Linux; Android 6.0; Nexus 5 Build/MRA58N) AppleWebKit/537.36 (KHTML, like Gecko) Chrome/65.0.3325.181 Mobile Safari/537.36"
::1 - - [24/Apr/2018:13:17:34 +0000] "GET /users HTTP/1.1" 403 9 "http://localhost:8100/" "Mozilla/5.0 (Linux; Android 6.0; Nexus 5 Build/MRA58N) AppleWebKit/537.36 (KHTML, like Gecko) Chrome/65.0.3325.181 Mobile Safari/537.36"
::1 - - [24/Apr/2018:13:19:27 +0000] "OPTIONS /users HTTP/1.1" 200 8 "-" "Mozilla/5.0 (Linux; Android 6.0; Nexus 5 Build/MRA58N) AppleWebKit/537.36 (KHTML, like Gecko) Chrome/65.0.3325.181 Mobile Safari/537.36"
::1 - - [24/Apr/2018:13:19:27 +0000] "GET /users HTTP/1.1" 403 9 "http://localhost:8100/" "Mozilla/5.0 (Linux; Android 6.0; Nexus 5 Build/MRA58N) AppleWebKit/537.36 (KHTML, like Gecko) Chrome/65.0.3325.181 Mobile Safari/537.36"
::1 - - [24/Apr/2018:13:19:58 +0000] "OPTIONS /users HTTP/1.1" 200 8 "-" "Mozilla/5.0 (Linux; Android 6.0; Nexus 5 Build/MRA58N) AppleWebKit/537.36 (KHTML, like Gecko) Chrome/65.0.3325.181 Mobile Safari/537.36"
::1 - - [24/Apr/2018:13:19:58 +0000] "GET /users HTTP/1.1" 403 9 "http://localhost:8100/" "Mozilla/5.0 (Linux; Android 6.0; Nexus 5 Build/MRA58N) AppleWebKit/537.36 (KHTML, like Gecko) Chrome/65.0.3325.181 Mobile Safari/537.36"
::1 - - [24/Apr/2018:13:20:47 +0000] "OPTIONS /users HTTP/1.1" 200 8 "-" "Mozilla/5.0 (Linux; Android 6.0; Nexus 5 Build/MRA58N) AppleWebKit/537.36 (KHTML, like Gecko) Chrome/65.0.3325.181 Mobile Safari/537.36"
::1 - - [24/Apr/2018:13:20:47 +0000] "GET /users HTTP/1.1" 403 9 "http://localhost:8100/" "Mozilla/5.0 (Linux; Android 6.0; Nexus 5 Build/MRA58N) AppleWebKit/537.36 (KHTML, like Gecko) Chrome/65.0.3325.181 Mobile Safari/537.36"
::1 - - [24/Apr/2018:13:27:08 +0000] "OPTIONS /users HTTP/1.1" 200 8 "-" "Mozilla/5.0 (Linux; Android 6.0; Nexus 5 Build/MRA58N) AppleWebKit/537.36 (KHTML, like Gecko) Chrome/65.0.3325.181 Mobile Safari/537.36"
::1 - - [24/Apr/2018:13:27:08 +0000] "GET /users HTTP/1.1" 403 9 "http://localhost:8100/" "Mozilla/5.0 (Linux; Android 6.0; Nexus 5 Build/MRA58N) AppleWebKit/537.36 (KHTML, like Gecko) Chrome/65.0.3325.181 Mobile Safari/537.36"
::1 - - [24/Apr/2018:13:31:32 +0000] "OPTIONS /users HTTP/1.1" 200 8 "-" "Mozilla/5.0 (Linux; Android 6.0; Nexus 5 Build/MRA58N) AppleWebKit/537.36 (KHTML, like Gecko) Chrome/65.0.3325.181 Mobile Safari/537.36"
::1 - - [24/Apr/2018:13:31:33 +0000] "GET /users HTTP/1.1" 403 9 "http://localhost:8100/" "Mozilla/5.0 (Linux; Android 6.0; Nexus 5 Build/MRA58N) AppleWebKit/537.36 (KHTML, like Gecko) Chrome/65.0.3325.181 Mobile Safari/537.36"
::1 - - [24/Apr/2018:13:32:04 +0000] "OPTIONS /users HTTP/1.1" 200 8 "-" "Mozilla/5.0 (Linux; Android 6.0; Nexus 5 Build/MRA58N) AppleWebKit/537.36 (KHTML, like Gecko) Chrome/65.0.3325.181 Mobile Safari/537.36"
::1 - - [24/Apr/2018:13:32:04 +0000] "GET /users HTTP/1.1" 403 9 "http://localhost:8100/" "Mozilla/5.0 (Linux; Android 6.0; Nexus 5 Build/MRA58N) AppleWebKit/537.36 (KHTML, like Gecko) Chrome/65.0.3325.181 Mobile Safari/537.36"
::1 - - [24/Apr/2018:13:32:17 +0000] "OPTIONS /users HTTP/1.1" 200 8 "-" "Mozilla/5.0 (Linux; Android 6.0; Nexus 5 Build/MRA58N) AppleWebKit/537.36 (KHTML, like Gecko) Chrome/65.0.3325.181 Mobile Safari/537.36"
::1 - - [24/Apr/2018:13:32:17 +0000] "GET /users HTTP/1.1" 403 9 "http://localhost:8100/" "Mozilla/5.0 (Linux; Android 6.0; Nexus 5 Build/MRA58N) AppleWebKit/537.36 (KHTML, like Gecko) Chrome/65.0.3325.181 Mobile Safari/537.36"
::1 - - [24/Apr/2018:13:33:36 +0000] "OPTIONS /users HTTP/1.1" 200 8 "-" "Mozilla/5.0 (Linux; Android 6.0; Nexus 5 Build/MRA58N) AppleWebKit/537.36 (KHTML, like Gecko) Chrome/65.0.3325.181 Mobile Safari/537.36"
::1 - - [24/Apr/2018:13:33:36 +0000] "GET /users HTTP/1.1" 403 9 "http://localhost:8100/" "Mozilla/5.0 (Linux; Android 6.0; Nexus 5 Build/MRA58N) AppleWebKit/537.36 (KHTML, like Gecko) Chrome/65.0.3325.181 Mobile Safari/537.36"
::1 - - [24/Apr/2018:13:34:08 +0000] "OPTIONS /users HTTP/1.1" 200 8 "-" "Mozilla/5.0 (Linux; Android 6.0; Nexus 5 Build/MRA58N) AppleWebKit/537.36 (KHTML, like Gecko) Chrome/65.0.3325.181 Mobile Safari/537.36"
::1 - - [24/Apr/2018:13:34:08 +0000] "GET /users HTTP/1.1" 403 9 "http://localhost:8100/" "Mozilla/5.0 (Linux; Android 6.0; Nexus 5 Build/MRA58N) AppleWebKit/537.36 (KHTML, like Gecko) Chrome/65.0.3325.181 Mobile Safari/537.36"
::1 - - [24/Apr/2018:13:34:26 +0000] "OPTIONS /users HTTP/1.1" 200 8 "-" "Mozilla/5.0 (Linux; Android 6.0; Nexus 5 Build/MRA58N) AppleWebKit/537.36 (KHTML, like Gecko) Chrome/65.0.3325.181 Mobile Safari/537.36"
::1 - - [24/Apr/2018:13:34:26 +0000] "GET /users HTTP/1.1" 403 9 "http://localhost:8100/" "Mozilla/5.0 (Linux; Android 6.0; Nexus 5 Build/MRA58N) AppleWebKit/537.36 (KHTML, like Gecko) Chrome/65.0.3325.181 Mobile Safari/537.36"
::1 - - [24/Apr/2018:13:34:44 +0000] "OPTIONS /users HTTP/1.1" 200 8 "-" "Mozilla/5.0 (Linux; Android 6.0; Nexus 5 Build/MRA58N) AppleWebKit/537.36 (KHTML, like Gecko) Chrome/65.0.3325.181 Mobile Safari/537.36"
::1 - - [24/Apr/2018:13:34:44 +0000] "GET /users HTTP/1.1" 403 9 "http://localhost:8100/" "Mozilla/5.0 (Linux; Android 6.0; Nexus 5 Build/MRA58N) AppleWebKit/537.36 (KHTML, like Gecko) Chrome/65.0.3325.181 Mobile Safari/537.36"
::1 - - [24/Apr/2018:13:34:47 +0000] "GET /users HTTP/1.1" 403 9 "http://localhost:8100/" "Mozilla/5.0 (Linux; Android 6.0; Nexus 5 Build/MRA58N) AppleWebKit/537.36 (KHTML, like Gecko) Chrome/65.0.3325.181 Mobile Safari/537.36"
::1 - - [24/Apr/2018:13:35:02 +0000] "OPTIONS /users HTTP/1.1" 200 8 "-" "Mozilla/5.0 (Linux; Android 6.0; Nexus 5 Build/MRA58N) AppleWebKit/537.36 (KHTML, like Gecko) Chrome/65.0.3325.181 Mobile Safari/537.36"
::1 - - [24/Apr/2018:13:35:02 +0000] "GET /users HTTP/1.1" 403 9 "http://localhost:8100/" "Mozilla/5.0 (Linux; Android 6.0; Nexus 5 Build/MRA58N) AppleWebKit/537.36 (KHTML, like Gecko) Chrome/65.0.3325.181 Mobile Safari/537.36"
::1 - - [24/Apr/2018:13:35:20 +0000] "OPTIONS /users HTTP/1.1" 200 8 "-" "Mozilla/5.0 (Linux; Android 6.0; Nexus 5 Build/MRA58N) AppleWebKit/537.36 (KHTML, like Gecko) Chrome/65.0.3325.181 Mobile Safari/537.36"
::1 - - [24/Apr/2018:13:35:20 +0000] "GET /users HTTP/1.1" 403 9 "http://localhost:8100/" "Mozilla/5.0 (Linux; Android 6.0; Nexus 5 Build/MRA58N) AppleWebKit/537.36 (KHTML, like Gecko) Chrome/65.0.3325.181 Mobile Safari/537.36"
::1 - - [24/Apr/2018:13:35:33 +0000] "OPTIONS /users HTTP/1.1" 200 8 "-" "Mozilla/5.0 (Linux; Android 6.0; Nexus 5 Build/MRA58N) AppleWebKit/537.36 (KHTML, like Gecko) Chrome/65.0.3325.181 Mobile Safari/537.36"
::1 - - [24/Apr/2018:13:35:33 +0000] "GET /users HTTP/1.1" 403 9 "http://localhost:8100/" "Mozilla/5.0 (Linux; Android 6.0; Nexus 5 Build/MRA58N) AppleWebKit/537.36 (KHTML, like Gecko) Chrome/65.0.3325.181 Mobile Safari/537.36"
::1 - - [24/Apr/2018:13:35:57 +0000] "OPTIONS /users HTTP/1.1" 200 8 "-" "Mozilla/5.0 (Linux; Android 6.0; Nexus 5 Build/MRA58N) AppleWebKit/537.36 (KHTML, like Gecko) Chrome/65.0.3325.181 Mobile Safari/537.36"
::1 - - [24/Apr/2018:13:35:57 +0000] "GET /users HTTP/1.1" 403 9 "http://localhost:8100/" "Mozilla/5.0 (Linux; Android 6.0; Nexus 5 Build/MRA58N) AppleWebKit/537.36 (KHTML, like Gecko) Chrome/65.0.3325.181 Mobile Safari/537.36"
::1 - - [24/Apr/2018:13:36:13 +0000] "OPTIONS /users HTTP/1.1" 200 8 "-" "Mozilla/5.0 (Linux; Android 6.0; Nexus 5 Build/MRA58N) AppleWebKit/537.36 (KHTML, like Gecko) Chrome/65.0.3325.181 Mobile Safari/537.36"
::1 - - [24/Apr/2018:13:36:13 +0000] "GET /users HTTP/1.1" 403 9 "http://localhost:8100/" "Mozilla/5.0 (Linux; Android 6.0; Nexus 5 Build/MRA58N) AppleWebKit/537.36 (KHTML, like Gecko) Chrome/65.0.3325.181 Mobile Safari/537.36"
::1 - - [24/Apr/2018:13:36:37 +0000] "OPTIONS /users HTTP/1.1" 200 8 "-" "Mozilla/5.0 (Linux; Android 6.0; Nexus 5 Build/MRA58N) AppleWebKit/537.36 (KHTML, like Gecko) Chrome/65.0.3325.181 Mobile Safari/537.36"
::1 - - [24/Apr/2018:13:36:37 +0000] "GET /users HTTP/1.1" 403 9 "http://localhost:8100/" "Mozilla/5.0 (Linux; Android 6.0; Nexus 5 Build/MRA58N) AppleWebKit/537.36 (KHTML, like Gecko) Chrome/65.0.3325.181 Mobile Safari/537.36"
